--- Spawned at 1773982937.618754 ---

> app@0.0.0 dev
> vite --host

node:internal/fs/watchers:247
    const error = new UVException({
                  ^

Error: EMFILE: too many open files, watch '/app/app/vite.config.ts'
    at FSWatcher.<computed> (node:internal/fs/watchers:247:19)
    at Object.watch (node:fs:2503:36)
    at createFsWatchInstance (file:///app/app/node_modules/vite/dist/node/chunks/dep-D4NMHUTW.js:22195:17)
    at setFsWatchListener (file:///app/app/node_modules/vite/dist/node/chunks/dep-D4NMHUTW.js:22242:15)
    at NodeFsHandler._watchWithNodeFs (file:///app/app/node_modules/vite/dist/node/chunks/dep-D4NMHUTW.js:22397:14)
    at NodeFsHandler._handleFile (file:///app/app/node_modules/vite/dist/node/chunks/dep-D4NMHUTW.js:22461:23)
    at NodeFsHandler._addToNodeFs (file:///app/app/node_modules/vite/dist/node/chunks/dep-D4NMHUTW.js:22703:21)
    at async file:///app/app/node_modules/vite/dist/node/chunks/dep-D4NMHUTW.js:23700:21
    at async Promise.all (index 1)
Emitted 'error' event on FSWatcher instance at:
    at FSWatcher._handleError (file:///app/app/node_modules/vite/dist/node/chunks/dep-D4NMHUTW.js:23896:10)
    at NodeFsHandler._addToNodeFs (file:///app/app/node_modules/vite/dist/node/chunks/dep-D4NMHUTW.js:22711:18)
    at async file:///app/app/node_modules/vite/dist/node/chunks/dep-D4NMHUTW.js:23700:21
    at async Promise.all (index 1) {
  errno: -24,
  syscall: 'watch',
  code: 'EMFILE',
  path: '/app/app/vite.config.ts',
  filename: '/app/app/vite.config.ts'
}

Node.js v20.20.1
