
> app@0.0.0 dev
> vite --host


  VITE v6.4.1  ready in 374 ms

  ➜  Local:   http://localhost:5173/
  ➜  Network: http://192.168.0.2:5173/
3:37:29 AM [vite] (client) page reload playwright-report/index.html
3:37:29 AM [vite] (client) page reload playwright-report/index.html
3:38:43 AM [vite] (client) page reload playwright-report/index.html
3:40:37 AM [vite] (client) hmr update /src/index.css, /src/views/ProjectsView.tsx
3:42:38 AM [vite] (client) hmr update /src/index.css, /src/views/ProjectsView.tsx
3:43:44 AM [vite] (client) hmr update /src/contexts/ReviewContext.tsx, /src/index.css
3:44:19 AM [vite] (client) hmr update /src/components/review/NotesSidebar.tsx, /src/index.css
3:45:12 AM [vite] (client) page reload playwright-report/index.html
3:45:43 AM [vite] (client) page reload playwright-report/index.html
3:46:30 AM [vite] (client) page reload playwright-report/index.html
3:46:30 AM [vite] (client) page reload playwright-report/index.html
3:49:54 AM [vite] (client) hmr update /src/components/review/NotesSidebar.tsx, /src/index.css, /src/contexts/ReviewContext.tsx
3:50:00 AM [vite] (client) hmr update /src/index.css, /src/views/ProjectsView.tsx, /src/components/review/NotesSidebar.tsx, /src/contexts/ReviewContext.tsx
3:50:57 AM [vite] (client) page reload playwright-report/index.html
3:53:25 AM [vite] (client) page reload playwright-report/index.html
3:53:50 AM [vite] (client) page reload src/types/review.ts
3:53:55 AM [vite] (client) hmr update /src/components/review/NotesSidebar.tsx, /src/index.css, /src/contexts/ReviewContext.tsx
3:53:59 AM [vite] (client) hmr update /src/contexts/ReviewContext.tsx, /src/index.css
3:54:42 AM [vite] (client) hmr update /src/contexts/ReviewContext.tsx, /src/index.css
3:54:50 AM [vite] (client) hmr update /src/components/review/NotesSidebar.tsx, /src/index.css
3:55:36 AM [vite] (client) page reload playwright-report/index.html
3:57:48 AM [vite] (client) hmr update /src/components/review/NotesSidebar.tsx, /src/index.css
